<?xml version="1.0" encoding="UTF-8"?>
<!-- Generated by org.testng.reporters.JUnitReportReporter -->
<testsuite hostname="Ankit-LEGION" failures="0" tests="1" name="TestNG.Data_driven.WriteExcel" time="3.661" errors="0" timestamp="2024-02-27T14:09:06 IST" skipped="0">
  <testcase classname="TestNG.Data_driven.WriteExcel" name="fblogin" time="3.661"/>
  <system-out/>
</testsuite> <!-- TestNG.Data_driven.WriteExcel -->
