<?xml version="1.0" encoding="UTF-8"?>
<!-- Generated by org.testng.reporters.JUnitReportReporter -->
<testsuite hostname="Ankit-LEGION" failures="0" tests="1" name="TestNG.Data_driven.readExcel" time="5.510" errors="0" timestamp="2024-02-29T22:59:59 IST" skipped="0">
  <testcase classname="TestNG.Data_driven.readExcel" name="fblogin" time="5.510"/>
  <system-out/>
</testsuite> <!-- TestNG.Data_driven.readExcel -->
