<?xml version="1.0" encoding="UTF-8"?>
<!-- Generated by org.testng.reporters.JUnitReportReporter -->
<testsuite hostname="Ankit-LEGION" failures="0" tests="1" name="TestNG.Data_driven.readExcel" time="3.646" errors="0" timestamp="2024-02-29T23:00:27 IST" skipped="0">
  <testcase classname="TestNG.Data_driven.readExcel" name="fblogin" time="3.646"/>
  <system-out/>
</testsuite> <!-- TestNG.Data_driven.readExcel -->
